[debug] [2022-03-25T15:22:14.672Z] ----------------------------------------------------------------------
[debug] [2022-03-25T15:22:14.673Z] Command:       /usr/local/bin/node /usr/local/bin/firebase deploy
[debug] [2022-03-25T15:22:14.673Z] CLI Version:   9.23.0
[debug] [2022-03-25T15:22:14.673Z] Platform:      darwin
[debug] [2022-03-25T15:22:14.673Z] Node Version:  v16.13.0
[debug] [2022-03-25T15:22:14.676Z] Time:          Fri Mar 25 2022 16:22:14 GMT+0100 (Central European Standard Time)
[debug] [2022-03-25T15:22:14.676Z] ----------------------------------------------------------------------
[debug] 
[debug] [2022-03-25T15:22:14.700Z] > command requires scopes: ["email","openid","https://www.googleapis.com/auth/cloudplatformprojects.readonly","https://www.googleapis.com/auth/firebase","https://www.googleapis.com/auth/cloud-platform"]
[debug] [2022-03-25T15:22:14.700Z] > authorizing via signed-in user (eduardo.alvarez@novare.se)
[debug] [2022-03-25T15:22:14.700Z] [iam] checking project fe-event for permissions ["firebase.projects.get","firebasehosting.sites.update"]
[debug] [2022-03-25T15:22:14.701Z] >>> HTTP REQUEST POST https://cloudresourcemanager.googleapis.com/v1/projects/fe-event:testIamPermissions  
 {"permissions":["firebase.projects.get","firebasehosting.sites.update"]}
[debug] [2022-03-25T15:22:15.492Z] <<< HTTP RESPONSE 200 {"content-type":"application/json; charset=UTF-8","vary":"X-Origin, Referer, Origin,Accept-Encoding","date":"Fri, 25 Mar 2022 15:22:15 GMT","server":"ESF","cache-control":"private","x-xss-protection":"0","x-frame-options":"SAMEORIGIN","x-content-type-options":"nosniff","server-timing":"gfet4t7; dur=669","alt-svc":"h3=\":443\"; ma=2592000,h3-29=\":443\"; ma=2592000,h3-Q050=\":443\"; ma=2592000,h3-Q046=\":443\"; ma=2592000,h3-Q043=\":443\"; ma=2592000,quic=\":443\"; ma=2592000; v=\"46,43\"","accept-ranges":"none","transfer-encoding":"chunked"}
[debug] [2022-03-25T15:22:15.494Z] > refreshing access token with scopes: []
[debug] [2022-03-25T15:22:15.494Z] >>> HTTP REQUEST POST https://www.googleapis.com/oauth2/v3/token  
 <request body omitted>
[debug] [2022-03-25T15:22:15.633Z] <<< HTTP RESPONSE 200 {"cache-control":"no-cache, no-store, max-age=0, must-revalidate","pragma":"no-cache","date":"Fri, 25 Mar 2022 15:22:15 GMT","expires":"Mon, 01 Jan 1990 00:00:00 GMT","content-type":"application/json; charset=utf-8","vary":"X-Origin, Referer, Origin,Accept-Encoding","server":"scaffolding on HTTPServer2","x-xss-protection":"0","x-frame-options":"SAMEORIGIN","x-content-type-options":"nosniff","alt-svc":"h3=\":443\"; ma=2592000,h3-29=\":443\"; ma=2592000,h3-Q050=\":443\"; ma=2592000,h3-Q046=\":443\"; ma=2592000,h3-Q043=\":443\"; ma=2592000,quic=\":443\"; ma=2592000; v=\"46,43\"","accept-ranges":"none","transfer-encoding":"chunked"}
[debug] [2022-03-25T15:22:15.679Z] >>> [apiv2][query] GET https://firebase.googleapis.com/v1beta1/projects/fe-event [none]
[debug] [2022-03-25T15:22:16.033Z] <<< [apiv2][status] GET https://firebase.googleapis.com/v1beta1/projects/fe-event 200
[debug] [2022-03-25T15:22:16.033Z] <<< [apiv2][body] GET https://firebase.googleapis.com/v1beta1/projects/fe-event {"projectId":"fe-event","projectNumber":"609287907997","displayName":"fe-event","name":"projects/fe-event","resources":{"hostingSite":"fe-event"},"state":"ACTIVE"}
[info] 
[info] === Deploying to 'fe-event'...
[info] 
[info] i  deploying hosting 
[debug] [2022-03-25T15:22:16.036Z] > refreshing access token with scopes: ["email","https://www.googleapis.com/auth/cloud-platform","https://www.googleapis.com/auth/cloudplatformprojects.readonly","https://www.googleapis.com/auth/firebase","openid"]
[debug] [2022-03-25T15:22:16.036Z] >>> HTTP REQUEST POST https://www.googleapis.com/oauth2/v3/token  
 <request body omitted>
[debug] [2022-03-25T15:22:16.100Z] <<< HTTP RESPONSE 200 {"date":"Fri, 25 Mar 2022 15:22:16 GMT","pragma":"no-cache","cache-control":"no-cache, no-store, max-age=0, must-revalidate","expires":"Mon, 01 Jan 1990 00:00:00 GMT","content-type":"application/json; charset=utf-8","vary":"X-Origin, Referer, Origin,Accept-Encoding","server":"scaffolding on HTTPServer2","x-xss-protection":"0","x-frame-options":"SAMEORIGIN","x-content-type-options":"nosniff","alt-svc":"h3=\":443\"; ma=2592000,h3-29=\":443\"; ma=2592000,h3-Q050=\":443\"; ma=2592000,h3-Q046=\":443\"; ma=2592000,h3-Q043=\":443\"; ma=2592000,quic=\":443\"; ma=2592000; v=\"46,43\"","accept-ranges":"none","transfer-encoding":"chunked"}
[debug] [2022-03-25T15:22:16.142Z] >>> HTTP REQUEST POST https://firebasehosting.googleapis.com/v1beta1/sites/fe-event/versions  
 {"config":{},"labels":{"deployment-tool":"cli-firebase"}}
